
Grammar
rule 1    programa -> etiq instInicio cuerpoProg instFin
rule 2    programa -> etiq instInicio instFin
rule 3    programa -> instInicio cuerpoProg instFin
rule 4    programa -> instInicio instFin
rule 5    etiq -> etiq TETIQUETA ':'
rule 6    etiq -> TETIQUETA ':'
rule 7    instInicio -> enter_program TCONSTENT
rule 8    instInicio -> enter_program TETIQUETA
rule 9    cuerpoProg -> instruccion
rule 10   cuerpoProg -> etiq instruccion
rule 11   cuerpoProg -> cuerpoProg instruccion
rule 12   cuerpoProg -> cuerpoProg etiq instruccion
rule 13   instFin -> leave_program
rule 14   instFin -> etiq leave_program
rule 15   instruccion -> sin_argumentos
rule 16   instruccion -> un_argumento_entero TCONSTENT
rule 17   instruccion -> un_argumento_caracter TCONSTCHAR
rule 18   instruccion -> un_argumento_etiqueta TETIQUETA
rule 19   instruccion -> dos_argumentos TCONSTENT TCONSTENT
rule 20   instruccion -> tres_argumentos TCONSTENT TCONSTENT TCONSTENT
rule 21   instruccion -> tres_argumentos TCONSTENT TCONSTENT TETIQUETA
rule 22   sin_argumentos -> logical_and
rule 23   sin_argumentos -> assign
rule 24   sin_argumentos -> assign_inverse
rule 25   sin_argumentos -> close_stack_frame
rule 26   sin_argumentos -> dereference
rule 27   sin_argumentos -> equals
rule 28   sin_argumentos -> greater_than
rule 29   sin_argumentos -> greater_equal
rule 30   sin_argumentos -> integer_div
rule 31   sin_argumentos -> integer_mod
rule 32   sin_argumentos -> logical_or
rule 33   sin_argumentos -> less_than
rule 34   sin_argumentos -> less_equal
rule 35   sin_argumentos -> not_equal_to
rule 36   sin_argumentos -> negate_boolean
rule 37   sin_argumentos -> negate_integer
rule 38   sin_argumentos -> integer_add
rule 39   sin_argumentos -> integer_substract
rule 40   sin_argumentos -> integer_product
rule 41   sin_argumentos -> nop
rule 42   sin_argumentos -> duplicate
rule 43   sin_argumentos -> stack_pop
rule 44   sin_argumentos -> swap
rule 45   un_argumento_entero -> jump_if_false
rule 46   un_argumento_entero -> jump
rule 47   un_argumento_entero -> jump_if_true
rule 48   un_argumento_entero -> store_constant
rule 49   un_argumento_entero -> read
rule 50   un_argumento_entero -> write
rule 51   un_argumento_caracter -> store_constant
rule 52   un_argumento_etiqueta -> jump_if_false
rule 53   un_argumento_etiqueta -> jump
rule 54   un_argumento_etiqueta -> jump_if_true
rule 55   dos_argumentos -> set_reference
rule 56   tres_argumentos -> open_stack_frame
rule 57   logical_and -> TAND
rule 58   assign -> TASG
rule 59   assign_inverse -> TASGI
rule 60   close_stack_frame -> TCSF
rule 61   integer_div -> TDIV
rule 62   dereference -> TDRF
rule 63   duplicate -> TDUP
rule 64   enter_program -> TENP
rule 65   equals -> TEQ
rule 66   greater_than -> TGT
rule 67   greater_equal -> TGTE
rule 68   jump_if_false -> TJMF
rule 69   jump -> TJMP
rule 70   jump_if_true -> TJMT
rule 71   less_than -> TLT
rule 72   less_equal -> TLTE
rule 73   leave_program -> TLVP
rule 74   integer_mod -> TMOD
rule 75   not_equal_to -> TNEQ
rule 76   negate_boolean -> TNGB
rule 77   negate_integer -> TNGI
rule 78   nop -> TNOP
rule 79   integer_add -> TPLUS
rule 80   logical_or -> TOR
rule 81   open_stack_frame -> TOSF
rule 82   stack_pop -> TPOP
rule 83   read -> TRD
rule 84   integer_substract -> TSBT
rule 85   set_reference -> TSRF
rule 86   store_constant -> TSTC
rule 87   integer_product -> TTMS
rule 88   write -> TWRT
rule 89   swap -> TSWP

Terminals, with rules where they appear

$ (-1)
':' (58) 5 6
error (256)
TAND (257) 57
TASG (258) 58
TASGI (259) 59
TCSF (260) 60
TDIV (261) 61
TDRF (262) 62
TDUP (263) 63
TENP (264) 64
TEQ (265) 65
TGT (266) 66
TGTE (267) 67
TJMF (268) 68
TJMP (269) 69
TJMT (270) 70
TLT (271) 71
TLTE (272) 72
TLVP (273) 73
TPOP (274) 82
TMOD (275) 74
TNEQ (276) 75
TNGB (277) 76
TNGI (278) 77
TNOP (279) 78
TOR (280) 80
TOSF (281) 81
TPLUS (282) 79
TRD (283) 83
TSBT (284) 84
TSRF (285) 85
TSTC (286) 86
TTMS (287) 87
TSWP (288) 89
TWRT (289) 88
TCONSTENT (290) 7 16 19 20 21
TCONSTCHAR (291) 17
TETIQUETA (292) 5 6 8 18 21

Nonterminals, with rules where they appear

programa (40)
    on left: 1 2 3 4
etiq (41)
    on left: 5 6, on right: 1 2 5 10 12 14
instInicio (42)
    on left: 7 8, on right: 1 2 3 4
cuerpoProg (43)
    on left: 9 10 11 12, on right: 1 3 11 12
instFin (44)
    on left: 13 14, on right: 1 2 3 4
instruccion (45)
    on left: 15 16 17 18 19 20 21, on right: 9 10 11 12
sin_argumentos (46)
    on left: 22 23 24 25 26 27 28 29 30 31 32 33 34 35 36 37 38 39
    40 41 42 43 44, on right: 15
un_argumento_entero (47)
    on left: 45 46 47 48 49 50, on right: 16
un_argumento_caracter (48)
    on left: 51, on right: 17
un_argumento_etiqueta (49)
    on left: 52 53 54, on right: 18
dos_argumentos (50)
    on left: 55, on right: 19
tres_argumentos (51)
    on left: 56, on right: 20 21
logical_and (52)
    on left: 57, on right: 22
assign (53)
    on left: 58, on right: 23
assign_inverse (54)
    on left: 59, on right: 24
close_stack_frame (55)
    on left: 60, on right: 25
integer_div (56)
    on left: 61, on right: 30
dereference (57)
    on left: 62, on right: 26
duplicate (58)
    on left: 63, on right: 42
enter_program (59)
    on left: 64, on right: 7 8
equals (60)
    on left: 65, on right: 27
greater_than (61)
    on left: 66, on right: 28
greater_equal (62)
    on left: 67, on right: 29
jump_if_false (63)
    on left: 68, on right: 45 52
jump (64)
    on left: 69, on right: 46 53
jump_if_true (65)
    on left: 70, on right: 47 54
less_than (66)
    on left: 71, on right: 33
less_equal (67)
    on left: 72, on right: 34
leave_program (68)
    on left: 73, on right: 13 14
integer_mod (69)
    on left: 74, on right: 31
not_equal_to (70)
    on left: 75, on right: 35
negate_boolean (71)
    on left: 76, on right: 36
negate_integer (72)
    on left: 77, on right: 37
nop (73)
    on left: 78, on right: 41
integer_add (74)
    on left: 79, on right: 38
logical_or (75)
    on left: 80, on right: 32
open_stack_frame (76)
    on left: 81, on right: 56
stack_pop (77)
    on left: 82, on right: 43
read (78)
    on left: 83, on right: 49
integer_substract (79)
    on left: 84, on right: 39
set_reference (80)
    on left: 85, on right: 55
store_constant (81)
    on left: 86, on right: 48 51
integer_product (82)
    on left: 87, on right: 40
write (83)
    on left: 88, on right: 50
swap (84)
    on left: 89, on right: 44


state 0

    TENP	shift, and go to state 1
    TETIQUETA	shift, and go to state 2

    programa	go to state 104
    etiq	go to state 3
    instInicio	go to state 4
    enter_program	go to state 5



state 1

    enter_program  ->  TENP .   (rule 64)

    $default	reduce using rule 64 (enter_program)



state 2

    etiq  ->  TETIQUETA . ':'   (rule 6)

    ':' 	shift, and go to state 6



state 3

    programa  ->  etiq . instInicio cuerpoProg instFin   (rule 1)
    programa  ->  etiq . instInicio instFin   (rule 2)
    etiq  ->  etiq . TETIQUETA ':'   (rule 5)

    TENP	shift, and go to state 1
    TETIQUETA	shift, and go to state 7

    instInicio	go to state 8
    enter_program	go to state 5



state 4

    programa  ->  instInicio . cuerpoProg instFin   (rule 3)
    programa  ->  instInicio . instFin   (rule 4)

    TAND	shift, and go to state 9
    TASG	shift, and go to state 10
    TASGI	shift, and go to state 11
    TCSF	shift, and go to state 12
    TDIV	shift, and go to state 13
    TDRF	shift, and go to state 14
    TDUP	shift, and go to state 15
    TEQ 	shift, and go to state 16
    TGT 	shift, and go to state 17
    TGTE	shift, and go to state 18
    TJMF	shift, and go to state 19
    TJMP	shift, and go to state 20
    TJMT	shift, and go to state 21
    TLT 	shift, and go to state 22
    TLTE	shift, and go to state 23
    TLVP	shift, and go to state 24
    TPOP	shift, and go to state 25
    TMOD	shift, and go to state 26
    TNEQ	shift, and go to state 27
    TNGB	shift, and go to state 28
    TNGI	shift, and go to state 29
    TNOP	shift, and go to state 30
    TOR 	shift, and go to state 31
    TOSF	shift, and go to state 32
    TPLUS	shift, and go to state 33
    TRD 	shift, and go to state 34
    TSBT	shift, and go to state 35
    TSRF	shift, and go to state 36
    TSTC	shift, and go to state 37
    TTMS	shift, and go to state 38
    TSWP	shift, and go to state 39
    TWRT	shift, and go to state 40
    TETIQUETA	shift, and go to state 2

    etiq	go to state 41
    cuerpoProg	go to state 42
    instFin	go to state 43
    instruccion	go to state 44
    sin_argumentos	go to state 45
    un_argumento_entero	go to state 46
    un_argumento_caracter	go to state 47
    un_argumento_etiqueta	go to state 48
    dos_argumentos	go to state 49
    tres_argumentos	go to state 50
    logical_and	go to state 51
    assign	go to state 52
    assign_inverse	go to state 53
    close_stack_frame	go to state 54
    integer_div	go to state 55
    dereference	go to state 56
    duplicate	go to state 57
    equals	go to state 58
    greater_than	go to state 59
    greater_equal	go to state 60
    jump_if_false	go to state 61
    jump	go to state 62
    jump_if_true	go to state 63
    less_than	go to state 64
    less_equal	go to state 65
    leave_program	go to state 66
    integer_mod	go to state 67
    not_equal_to	go to state 68
    negate_boolean	go to state 69
    negate_integer	go to state 70
    nop 	go to state 71
    integer_add	go to state 72
    logical_or	go to state 73
    open_stack_frame	go to state 74
    stack_pop	go to state 75
    read	go to state 76
    integer_substract	go to state 77
    set_reference	go to state 78
    store_constant	go to state 79
    integer_product	go to state 80
    write	go to state 81
    swap	go to state 82



state 5

    instInicio  ->  enter_program . TCONSTENT   (rule 7)
    instInicio  ->  enter_program . TETIQUETA   (rule 8)

    TCONSTENT	shift, and go to state 83
    TETIQUETA	shift, and go to state 84



state 6

    etiq  ->  TETIQUETA ':' .   (rule 6)

    $default	reduce using rule 6 (etiq)



state 7

    etiq  ->  etiq TETIQUETA . ':'   (rule 5)

    ':' 	shift, and go to state 85



state 8

    programa  ->  etiq instInicio . cuerpoProg instFin   (rule 1)
    programa  ->  etiq instInicio . instFin   (rule 2)

    TAND	shift, and go to state 9
    TASG	shift, and go to state 10
    TASGI	shift, and go to state 11
    TCSF	shift, and go to state 12
    TDIV	shift, and go to state 13
    TDRF	shift, and go to state 14
    TDUP	shift, and go to state 15
    TEQ 	shift, and go to state 16
    TGT 	shift, and go to state 17
    TGTE	shift, and go to state 18
    TJMF	shift, and go to state 19
    TJMP	shift, and go to state 20
    TJMT	shift, and go to state 21
    TLT 	shift, and go to state 22
    TLTE	shift, and go to state 23
    TLVP	shift, and go to state 24
    TPOP	shift, and go to state 25
    TMOD	shift, and go to state 26
    TNEQ	shift, and go to state 27
    TNGB	shift, and go to state 28
    TNGI	shift, and go to state 29
    TNOP	shift, and go to state 30
    TOR 	shift, and go to state 31
    TOSF	shift, and go to state 32
    TPLUS	shift, and go to state 33
    TRD 	shift, and go to state 34
    TSBT	shift, and go to state 35
    TSRF	shift, and go to state 36
    TSTC	shift, and go to state 37
    TTMS	shift, and go to state 38
    TSWP	shift, and go to state 39
    TWRT	shift, and go to state 40
    TETIQUETA	shift, and go to state 2

    etiq	go to state 41
    cuerpoProg	go to state 86
    instFin	go to state 87
    instruccion	go to state 44
    sin_argumentos	go to state 45
    un_argumento_entero	go to state 46
    un_argumento_caracter	go to state 47
    un_argumento_etiqueta	go to state 48
    dos_argumentos	go to state 49
    tres_argumentos	go to state 50
    logical_and	go to state 51
    assign	go to state 52
    assign_inverse	go to state 53
    close_stack_frame	go to state 54
    integer_div	go to state 55
    dereference	go to state 56
    duplicate	go to state 57
    equals	go to state 58
    greater_than	go to state 59
    greater_equal	go to state 60
    jump_if_false	go to state 61
    jump	go to state 62
    jump_if_true	go to state 63
    less_than	go to state 64
    less_equal	go to state 65
    leave_program	go to state 66
    integer_mod	go to state 67
    not_equal_to	go to state 68
    negate_boolean	go to state 69
    negate_integer	go to state 70
    nop 	go to state 71
    integer_add	go to state 72
    logical_or	go to state 73
    open_stack_frame	go to state 74
    stack_pop	go to state 75
    read	go to state 76
    integer_substract	go to state 77
    set_reference	go to state 78
    store_constant	go to state 79
    integer_product	go to state 80
    write	go to state 81
    swap	go to state 82



state 9

    logical_and  ->  TAND .   (rule 57)

    $default	reduce using rule 57 (logical_and)



state 10

    assign  ->  TASG .   (rule 58)

    $default	reduce using rule 58 (assign)



state 11

    assign_inverse  ->  TASGI .   (rule 59)

    $default	reduce using rule 59 (assign_inverse)



state 12

    close_stack_frame  ->  TCSF .   (rule 60)

    $default	reduce using rule 60 (close_stack_frame)



state 13

    integer_div  ->  TDIV .   (rule 61)

    $default	reduce using rule 61 (integer_div)



state 14

    dereference  ->  TDRF .   (rule 62)

    $default	reduce using rule 62 (dereference)



state 15

    duplicate  ->  TDUP .   (rule 63)

    $default	reduce using rule 63 (duplicate)



state 16

    equals  ->  TEQ .   (rule 65)

    $default	reduce using rule 65 (equals)



state 17

    greater_than  ->  TGT .   (rule 66)

    $default	reduce using rule 66 (greater_than)



state 18

    greater_equal  ->  TGTE .   (rule 67)

    $default	reduce using rule 67 (greater_equal)



state 19

    jump_if_false  ->  TJMF .   (rule 68)

    $default	reduce using rule 68 (jump_if_false)



state 20

    jump  ->  TJMP .   (rule 69)

    $default	reduce using rule 69 (jump)



state 21

    jump_if_true  ->  TJMT .   (rule 70)

    $default	reduce using rule 70 (jump_if_true)



state 22

    less_than  ->  TLT .   (rule 71)

    $default	reduce using rule 71 (less_than)



state 23

    less_equal  ->  TLTE .   (rule 72)

    $default	reduce using rule 72 (less_equal)



state 24

    leave_program  ->  TLVP .   (rule 73)

    $default	reduce using rule 73 (leave_program)



state 25

    stack_pop  ->  TPOP .   (rule 82)

    $default	reduce using rule 82 (stack_pop)



state 26

    integer_mod  ->  TMOD .   (rule 74)

    $default	reduce using rule 74 (integer_mod)



state 27

    not_equal_to  ->  TNEQ .   (rule 75)

    $default	reduce using rule 75 (not_equal_to)



state 28

    negate_boolean  ->  TNGB .   (rule 76)

    $default	reduce using rule 76 (negate_boolean)



state 29

    negate_integer  ->  TNGI .   (rule 77)

    $default	reduce using rule 77 (negate_integer)



state 30

    nop  ->  TNOP .   (rule 78)

    $default	reduce using rule 78 (nop)



state 31

    logical_or  ->  TOR .   (rule 80)

    $default	reduce using rule 80 (logical_or)



state 32

    open_stack_frame  ->  TOSF .   (rule 81)

    $default	reduce using rule 81 (open_stack_frame)



state 33

    integer_add  ->  TPLUS .   (rule 79)

    $default	reduce using rule 79 (integer_add)



state 34

    read  ->  TRD .   (rule 83)

    $default	reduce using rule 83 (read)



state 35

    integer_substract  ->  TSBT .   (rule 84)

    $default	reduce using rule 84 (integer_substract)



state 36

    set_reference  ->  TSRF .   (rule 85)

    $default	reduce using rule 85 (set_reference)



state 37

    store_constant  ->  TSTC .   (rule 86)

    $default	reduce using rule 86 (store_constant)



state 38

    integer_product  ->  TTMS .   (rule 87)

    $default	reduce using rule 87 (integer_product)



state 39

    swap  ->  TSWP .   (rule 89)

    $default	reduce using rule 89 (swap)



state 40

    write  ->  TWRT .   (rule 88)

    $default	reduce using rule 88 (write)



state 41

    etiq  ->  etiq . TETIQUETA ':'   (rule 5)
    cuerpoProg  ->  etiq . instruccion   (rule 10)
    instFin  ->  etiq . leave_program   (rule 14)

    TAND	shift, and go to state 9
    TASG	shift, and go to state 10
    TASGI	shift, and go to state 11
    TCSF	shift, and go to state 12
    TDIV	shift, and go to state 13
    TDRF	shift, and go to state 14
    TDUP	shift, and go to state 15
    TEQ 	shift, and go to state 16
    TGT 	shift, and go to state 17
    TGTE	shift, and go to state 18
    TJMF	shift, and go to state 19
    TJMP	shift, and go to state 20
    TJMT	shift, and go to state 21
    TLT 	shift, and go to state 22
    TLTE	shift, and go to state 23
    TLVP	shift, and go to state 24
    TPOP	shift, and go to state 25
    TMOD	shift, and go to state 26
    TNEQ	shift, and go to state 27
    TNGB	shift, and go to state 28
    TNGI	shift, and go to state 29
    TNOP	shift, and go to state 30
    TOR 	shift, and go to state 31
    TOSF	shift, and go to state 32
    TPLUS	shift, and go to state 33
    TRD 	shift, and go to state 34
    TSBT	shift, and go to state 35
    TSRF	shift, and go to state 36
    TSTC	shift, and go to state 37
    TTMS	shift, and go to state 38
    TSWP	shift, and go to state 39
    TWRT	shift, and go to state 40
    TETIQUETA	shift, and go to state 7

    instruccion	go to state 88
    sin_argumentos	go to state 45
    un_argumento_entero	go to state 46
    un_argumento_caracter	go to state 47
    un_argumento_etiqueta	go to state 48
    dos_argumentos	go to state 49
    tres_argumentos	go to state 50
    logical_and	go to state 51
    assign	go to state 52
    assign_inverse	go to state 53
    close_stack_frame	go to state 54
    integer_div	go to state 55
    dereference	go to state 56
    duplicate	go to state 57
    equals	go to state 58
    greater_than	go to state 59
    greater_equal	go to state 60
    jump_if_false	go to state 61
    jump	go to state 62
    jump_if_true	go to state 63
    less_than	go to state 64
    less_equal	go to state 65
    leave_program	go to state 89
    integer_mod	go to state 67
    not_equal_to	go to state 68
    negate_boolean	go to state 69
    negate_integer	go to state 70
    nop 	go to state 71
    integer_add	go to state 72
    logical_or	go to state 73
    open_stack_frame	go to state 74
    stack_pop	go to state 75
    read	go to state 76
    integer_substract	go to state 77
    set_reference	go to state 78
    store_constant	go to state 79
    integer_product	go to state 80
    write	go to state 81
    swap	go to state 82



state 42

    programa  ->  instInicio cuerpoProg . instFin   (rule 3)
    cuerpoProg  ->  cuerpoProg . instruccion   (rule 11)
    cuerpoProg  ->  cuerpoProg . etiq instruccion   (rule 12)

    TAND	shift, and go to state 9
    TASG	shift, and go to state 10
    TASGI	shift, and go to state 11
    TCSF	shift, and go to state 12
    TDIV	shift, and go to state 13
    TDRF	shift, and go to state 14
    TDUP	shift, and go to state 15
    TEQ 	shift, and go to state 16
    TGT 	shift, and go to state 17
    TGTE	shift, and go to state 18
    TJMF	shift, and go to state 19
    TJMP	shift, and go to state 20
    TJMT	shift, and go to state 21
    TLT 	shift, and go to state 22
    TLTE	shift, and go to state 23
    TLVP	shift, and go to state 24
    TPOP	shift, and go to state 25
    TMOD	shift, and go to state 26
    TNEQ	shift, and go to state 27
    TNGB	shift, and go to state 28
    TNGI	shift, and go to state 29
    TNOP	shift, and go to state 30
    TOR 	shift, and go to state 31
    TOSF	shift, and go to state 32
    TPLUS	shift, and go to state 33
    TRD 	shift, and go to state 34
    TSBT	shift, and go to state 35
    TSRF	shift, and go to state 36
    TSTC	shift, and go to state 37
    TTMS	shift, and go to state 38
    TSWP	shift, and go to state 39
    TWRT	shift, and go to state 40
    TETIQUETA	shift, and go to state 2

    etiq	go to state 90
    instFin	go to state 91
    instruccion	go to state 92
    sin_argumentos	go to state 45
    un_argumento_entero	go to state 46
    un_argumento_caracter	go to state 47
    un_argumento_etiqueta	go to state 48
    dos_argumentos	go to state 49
    tres_argumentos	go to state 50
    logical_and	go to state 51
    assign	go to state 52
    assign_inverse	go to state 53
    close_stack_frame	go to state 54
    integer_div	go to state 55
    dereference	go to state 56
    duplicate	go to state 57
    equals	go to state 58
    greater_than	go to state 59
    greater_equal	go to state 60
    jump_if_false	go to state 61
    jump	go to state 62
    jump_if_true	go to state 63
    less_than	go to state 64
    less_equal	go to state 65
    leave_program	go to state 66
    integer_mod	go to state 67
    not_equal_to	go to state 68
    negate_boolean	go to state 69
    negate_integer	go to state 70
    nop 	go to state 71
    integer_add	go to state 72
    logical_or	go to state 73
    open_stack_frame	go to state 74
    stack_pop	go to state 75
    read	go to state 76
    integer_substract	go to state 77
    set_reference	go to state 78
    store_constant	go to state 79
    integer_product	go to state 80
    write	go to state 81
    swap	go to state 82



state 43

    programa  ->  instInicio instFin .   (rule 4)

    $default	reduce using rule 4 (programa)



state 44

    cuerpoProg  ->  instruccion .   (rule 9)

    $default	reduce using rule 9 (cuerpoProg)



state 45

    instruccion  ->  sin_argumentos .   (rule 15)

    $default	reduce using rule 15 (instruccion)



state 46

    instruccion  ->  un_argumento_entero . TCONSTENT   (rule 16)

    TCONSTENT	shift, and go to state 93



state 47

    instruccion  ->  un_argumento_caracter . TCONSTCHAR   (rule 17)

    TCONSTCHAR	shift, and go to state 94



state 48

    instruccion  ->  un_argumento_etiqueta . TETIQUETA   (rule 18)

    TETIQUETA	shift, and go to state 95



state 49

    instruccion  ->  dos_argumentos . TCONSTENT TCONSTENT   (rule 19)

    TCONSTENT	shift, and go to state 96



state 50

    instruccion  ->  tres_argumentos . TCONSTENT TCONSTENT TCONSTENT   (rule 20)
    instruccion  ->  tres_argumentos . TCONSTENT TCONSTENT TETIQUETA   (rule 21)

    TCONSTENT	shift, and go to state 97



state 51

    sin_argumentos  ->  logical_and .   (rule 22)

    $default	reduce using rule 22 (sin_argumentos)



state 52

    sin_argumentos  ->  assign .   (rule 23)

    $default	reduce using rule 23 (sin_argumentos)



state 53

    sin_argumentos  ->  assign_inverse .   (rule 24)

    $default	reduce using rule 24 (sin_argumentos)



state 54

    sin_argumentos  ->  close_stack_frame .   (rule 25)

    $default	reduce using rule 25 (sin_argumentos)



state 55

    sin_argumentos  ->  integer_div .   (rule 30)

    $default	reduce using rule 30 (sin_argumentos)



state 56

    sin_argumentos  ->  dereference .   (rule 26)

    $default	reduce using rule 26 (sin_argumentos)



state 57

    sin_argumentos  ->  duplicate .   (rule 42)

    $default	reduce using rule 42 (sin_argumentos)



state 58

    sin_argumentos  ->  equals .   (rule 27)

    $default	reduce using rule 27 (sin_argumentos)



state 59

    sin_argumentos  ->  greater_than .   (rule 28)

    $default	reduce using rule 28 (sin_argumentos)



state 60

    sin_argumentos  ->  greater_equal .   (rule 29)

    $default	reduce using rule 29 (sin_argumentos)



state 61

    un_argumento_entero  ->  jump_if_false .   (rule 45)
    un_argumento_etiqueta  ->  jump_if_false .   (rule 52)

    TETIQUETA	reduce using rule 52 (un_argumento_etiqueta)
    $default	reduce using rule 45 (un_argumento_entero)



state 62

    un_argumento_entero  ->  jump .   (rule 46)
    un_argumento_etiqueta  ->  jump .   (rule 53)

    TETIQUETA	reduce using rule 53 (un_argumento_etiqueta)
    $default	reduce using rule 46 (un_argumento_entero)



state 63

    un_argumento_entero  ->  jump_if_true .   (rule 47)
    un_argumento_etiqueta  ->  jump_if_true .   (rule 54)

    TETIQUETA	reduce using rule 54 (un_argumento_etiqueta)
    $default	reduce using rule 47 (un_argumento_entero)



state 64

    sin_argumentos  ->  less_than .   (rule 33)

    $default	reduce using rule 33 (sin_argumentos)



state 65

    sin_argumentos  ->  less_equal .   (rule 34)

    $default	reduce using rule 34 (sin_argumentos)



state 66

    instFin  ->  leave_program .   (rule 13)

    $default	reduce using rule 13 (instFin)



state 67

    sin_argumentos  ->  integer_mod .   (rule 31)

    $default	reduce using rule 31 (sin_argumentos)



state 68

    sin_argumentos  ->  not_equal_to .   (rule 35)

    $default	reduce using rule 35 (sin_argumentos)



state 69

    sin_argumentos  ->  negate_boolean .   (rule 36)

    $default	reduce using rule 36 (sin_argumentos)



state 70

    sin_argumentos  ->  negate_integer .   (rule 37)

    $default	reduce using rule 37 (sin_argumentos)



state 71

    sin_argumentos  ->  nop .   (rule 41)

    $default	reduce using rule 41 (sin_argumentos)



state 72

    sin_argumentos  ->  integer_add .   (rule 38)

    $default	reduce using rule 38 (sin_argumentos)



state 73

    sin_argumentos  ->  logical_or .   (rule 32)

    $default	reduce using rule 32 (sin_argumentos)



state 74

    tres_argumentos  ->  open_stack_frame .   (rule 56)

    $default	reduce using rule 56 (tres_argumentos)



state 75

    sin_argumentos  ->  stack_pop .   (rule 43)

    $default	reduce using rule 43 (sin_argumentos)



state 76

    un_argumento_entero  ->  read .   (rule 49)

    $default	reduce using rule 49 (un_argumento_entero)



state 77

    sin_argumentos  ->  integer_substract .   (rule 39)

    $default	reduce using rule 39 (sin_argumentos)



state 78

    dos_argumentos  ->  set_reference .   (rule 55)

    $default	reduce using rule 55 (dos_argumentos)



state 79

    un_argumento_entero  ->  store_constant .   (rule 48)
    un_argumento_caracter  ->  store_constant .   (rule 51)

    TCONSTCHAR	reduce using rule 51 (un_argumento_caracter)
    $default	reduce using rule 48 (un_argumento_entero)



state 80

    sin_argumentos  ->  integer_product .   (rule 40)

    $default	reduce using rule 40 (sin_argumentos)



state 81

    un_argumento_entero  ->  write .   (rule 50)

    $default	reduce using rule 50 (un_argumento_entero)



state 82

    sin_argumentos  ->  swap .   (rule 44)

    $default	reduce using rule 44 (sin_argumentos)



state 83

    instInicio  ->  enter_program TCONSTENT .   (rule 7)

    $default	reduce using rule 7 (instInicio)



state 84

    instInicio  ->  enter_program TETIQUETA .   (rule 8)

    $default	reduce using rule 8 (instInicio)



state 85

    etiq  ->  etiq TETIQUETA ':' .   (rule 5)

    $default	reduce using rule 5 (etiq)



state 86

    programa  ->  etiq instInicio cuerpoProg . instFin   (rule 1)
    cuerpoProg  ->  cuerpoProg . instruccion   (rule 11)
    cuerpoProg  ->  cuerpoProg . etiq instruccion   (rule 12)

    TAND	shift, and go to state 9
    TASG	shift, and go to state 10
    TASGI	shift, and go to state 11
    TCSF	shift, and go to state 12
    TDIV	shift, and go to state 13
    TDRF	shift, and go to state 14
    TDUP	shift, and go to state 15
    TEQ 	shift, and go to state 16
    TGT 	shift, and go to state 17
    TGTE	shift, and go to state 18
    TJMF	shift, and go to state 19
    TJMP	shift, and go to state 20
    TJMT	shift, and go to state 21
    TLT 	shift, and go to state 22
    TLTE	shift, and go to state 23
    TLVP	shift, and go to state 24
    TPOP	shift, and go to state 25
    TMOD	shift, and go to state 26
    TNEQ	shift, and go to state 27
    TNGB	shift, and go to state 28
    TNGI	shift, and go to state 29
    TNOP	shift, and go to state 30
    TOR 	shift, and go to state 31
    TOSF	shift, and go to state 32
    TPLUS	shift, and go to state 33
    TRD 	shift, and go to state 34
    TSBT	shift, and go to state 35
    TSRF	shift, and go to state 36
    TSTC	shift, and go to state 37
    TTMS	shift, and go to state 38
    TSWP	shift, and go to state 39
    TWRT	shift, and go to state 40
    TETIQUETA	shift, and go to state 2

    etiq	go to state 90
    instFin	go to state 98
    instruccion	go to state 92
    sin_argumentos	go to state 45
    un_argumento_entero	go to state 46
    un_argumento_caracter	go to state 47
    un_argumento_etiqueta	go to state 48
    dos_argumentos	go to state 49
    tres_argumentos	go to state 50
    logical_and	go to state 51
    assign	go to state 52
    assign_inverse	go to state 53
    close_stack_frame	go to state 54
    integer_div	go to state 55
    dereference	go to state 56
    duplicate	go to state 57
    equals	go to state 58
    greater_than	go to state 59
    greater_equal	go to state 60
    jump_if_false	go to state 61
    jump	go to state 62
    jump_if_true	go to state 63
    less_than	go to state 64
    less_equal	go to state 65
    leave_program	go to state 66
    integer_mod	go to state 67
    not_equal_to	go to state 68
    negate_boolean	go to state 69
    negate_integer	go to state 70
    nop 	go to state 71
    integer_add	go to state 72
    logical_or	go to state 73
    open_stack_frame	go to state 74
    stack_pop	go to state 75
    read	go to state 76
    integer_substract	go to state 77
    set_reference	go to state 78
    store_constant	go to state 79
    integer_product	go to state 80
    write	go to state 81
    swap	go to state 82



state 87

    programa  ->  etiq instInicio instFin .   (rule 2)

    $default	reduce using rule 2 (programa)



state 88

    cuerpoProg  ->  etiq instruccion .   (rule 10)

    $default	reduce using rule 10 (cuerpoProg)



state 89

    instFin  ->  etiq leave_program .   (rule 14)

    $default	reduce using rule 14 (instFin)



state 90

    etiq  ->  etiq . TETIQUETA ':'   (rule 5)
    cuerpoProg  ->  cuerpoProg etiq . instruccion   (rule 12)
    instFin  ->  etiq . leave_program   (rule 14)

    TAND	shift, and go to state 9
    TASG	shift, and go to state 10
    TASGI	shift, and go to state 11
    TCSF	shift, and go to state 12
    TDIV	shift, and go to state 13
    TDRF	shift, and go to state 14
    TDUP	shift, and go to state 15
    TEQ 	shift, and go to state 16
    TGT 	shift, and go to state 17
    TGTE	shift, and go to state 18
    TJMF	shift, and go to state 19
    TJMP	shift, and go to state 20
    TJMT	shift, and go to state 21
    TLT 	shift, and go to state 22
    TLTE	shift, and go to state 23
    TLVP	shift, and go to state 24
    TPOP	shift, and go to state 25
    TMOD	shift, and go to state 26
    TNEQ	shift, and go to state 27
    TNGB	shift, and go to state 28
    TNGI	shift, and go to state 29
    TNOP	shift, and go to state 30
    TOR 	shift, and go to state 31
    TOSF	shift, and go to state 32
    TPLUS	shift, and go to state 33
    TRD 	shift, and go to state 34
    TSBT	shift, and go to state 35
    TSRF	shift, and go to state 36
    TSTC	shift, and go to state 37
    TTMS	shift, and go to state 38
    TSWP	shift, and go to state 39
    TWRT	shift, and go to state 40
    TETIQUETA	shift, and go to state 7

    instruccion	go to state 99
    sin_argumentos	go to state 45
    un_argumento_entero	go to state 46
    un_argumento_caracter	go to state 47
    un_argumento_etiqueta	go to state 48
    dos_argumentos	go to state 49
    tres_argumentos	go to state 50
    logical_and	go to state 51
    assign	go to state 52
    assign_inverse	go to state 53
    close_stack_frame	go to state 54
    integer_div	go to state 55
    dereference	go to state 56
    duplicate	go to state 57
    equals	go to state 58
    greater_than	go to state 59
    greater_equal	go to state 60
    jump_if_false	go to state 61
    jump	go to state 62
    jump_if_true	go to state 63
    less_than	go to state 64
    less_equal	go to state 65
    leave_program	go to state 89
    integer_mod	go to state 67
    not_equal_to	go to state 68
    negate_boolean	go to state 69
    negate_integer	go to state 70
    nop 	go to state 71
    integer_add	go to state 72
    logical_or	go to state 73
    open_stack_frame	go to state 74
    stack_pop	go to state 75
    read	go to state 76
    integer_substract	go to state 77
    set_reference	go to state 78
    store_constant	go to state 79
    integer_product	go to state 80
    write	go to state 81
    swap	go to state 82



state 91

    programa  ->  instInicio cuerpoProg instFin .   (rule 3)

    $default	reduce using rule 3 (programa)



state 92

    cuerpoProg  ->  cuerpoProg instruccion .   (rule 11)

    $default	reduce using rule 11 (cuerpoProg)



state 93

    instruccion  ->  un_argumento_entero TCONSTENT .   (rule 16)

    $default	reduce using rule 16 (instruccion)



state 94

    instruccion  ->  un_argumento_caracter TCONSTCHAR .   (rule 17)

    $default	reduce using rule 17 (instruccion)



state 95

    instruccion  ->  un_argumento_etiqueta TETIQUETA .   (rule 18)

    $default	reduce using rule 18 (instruccion)



state 96

    instruccion  ->  dos_argumentos TCONSTENT . TCONSTENT   (rule 19)

    TCONSTENT	shift, and go to state 100



state 97

    instruccion  ->  tres_argumentos TCONSTENT . TCONSTENT TCONSTENT   (rule 20)
    instruccion  ->  tres_argumentos TCONSTENT . TCONSTENT TETIQUETA   (rule 21)

    TCONSTENT	shift, and go to state 101



state 98

    programa  ->  etiq instInicio cuerpoProg instFin .   (rule 1)

    $default	reduce using rule 1 (programa)



state 99

    cuerpoProg  ->  cuerpoProg etiq instruccion .   (rule 12)

    $default	reduce using rule 12 (cuerpoProg)



state 100

    instruccion  ->  dos_argumentos TCONSTENT TCONSTENT .   (rule 19)

    $default	reduce using rule 19 (instruccion)



state 101

    instruccion  ->  tres_argumentos TCONSTENT TCONSTENT . TCONSTENT   (rule 20)
    instruccion  ->  tres_argumentos TCONSTENT TCONSTENT . TETIQUETA   (rule 21)

    TCONSTENT	shift, and go to state 102
    TETIQUETA	shift, and go to state 103



state 102

    instruccion  ->  tres_argumentos TCONSTENT TCONSTENT TCONSTENT .   (rule 20)

    $default	reduce using rule 20 (instruccion)



state 103

    instruccion  ->  tres_argumentos TCONSTENT TCONSTENT TETIQUETA .   (rule 21)

    $default	reduce using rule 21 (instruccion)



state 104

    $   	go to state 105



state 105

    $   	go to state 106



state 106

    $default	accept
